<?xml version="1.0" encoding="UTF-8"?>
<!DOCTYPE coverage SYSTEM "http://cobertura.sourceforge.net/xml/coverage-04.dtd">
<coverage line-rate="0.45774648" branch-rate="0" version="" timestamp="1749434056628" lines-covered="65" lines-valid="142" branches-covered="0" branches-valid="0" complexity="0">
  <sources>
    <source>/Users/den/code/controller/k8s-controller-tutorial</source>
  </sources>
  <packages>
    <package name="github.com/yourusername/k8s-controller-tutorial/cmd" line-rate="0.5970149" branch-rate="0" complexity="0">
      <classes>
        <class name="-" filename="cmd/list.go" line-rate="0.9" branch-rate="0" complexity="0">
          <methods>
            <method name="getKubeClient" signature="" line-rate="0.8333333" branch-rate="0" complexity="0">
              <lines>
                <line number="38" hits="1"></line>
                <line number="39" hits="1"></line>
                <line number="40" hits="1"></line>
                <line number="41" hits="1"></line>
                <line number="42" hits="1"></line>
                <line number="43" hits="0"></line>
              </lines>
            </method>
            <method name="init" signature="" line-rate="1" branch-rate="0" complexity="0">
              <lines>
                <line number="46" hits="1"></line>
                <line number="47" hits="1"></line>
                <line number="48" hits="1"></line>
                <line number="49" hits="1"></line>
              </lines>
            </method>
          </methods>
          <lines>
            <line number="38" hits="1"></line>
            <line number="39" hits="1"></line>
            <line number="40" hits="1"></line>
            <line number="41" hits="1"></line>
            <line number="42" hits="1"></line>
            <line number="43" hits="0"></line>
            <line number="46" hits="1"></line>
            <line number="47" hits="1"></line>
            <line number="48" hits="1"></line>
            <line number="49" hits="1"></line>
          </lines>
        </class>
        <class name="-" filename="cmd/root.go" line-rate="0.43589744" branch-rate="0" complexity="0">
          <methods>
            <method name="parseLogLevel" signature="" line-rate="1" branch-rate="0" complexity="0">
              <lines>
                <line number="39" hits="7"></line>
                <line number="40" hits="7"></line>
                <line number="41" hits="1"></line>
                <line number="42" hits="1"></line>
                <line number="43" hits="1"></line>
                <line number="44" hits="1"></line>
                <line number="45" hits="1"></line>
                <line number="46" hits="1"></line>
                <line number="47" hits="1"></line>
                <line number="48" hits="1"></line>
                <line number="49" hits="1"></line>
                <line number="50" hits="1"></line>
                <line number="51" hits="2"></line>
                <line number="52" hits="2"></line>
              </lines>
            </method>
            <method name="Execute" signature="" line-rate="0" branch-rate="0" complexity="0">
              <lines>
                <line number="56" hits="0"></line>
                <line number="57" hits="0"></line>
                <line number="58" hits="0"></line>
                <line number="59" hits="0"></line>
                <line number="60" hits="0"></line>
              </lines>
            </method>
            <method name="init" signature="" line-rate="1" branch-rate="0" complexity="0">
              <lines>
                <line number="63" hits="1"></line>
                <line number="64" hits="1"></line>
                <line number="65" hits="1"></line>
              </lines>
            </method>
            <method name="configureLogger" signature="" line-rate="0" branch-rate="0" complexity="0">
              <lines>
                <line number="67" hits="0"></line>
                <line number="68" hits="0"></line>
                <line number="69" hits="0"></line>
                <line number="70" hits="0"></line>
                <line number="71" hits="0"></line>
                <line number="72" hits="0"></line>
                <line number="73" hits="0"></line>
                <line number="74" hits="0"></line>
                <line number="75" hits="0"></line>
                <line number="76" hits="0"></line>
                <line number="77" hits="0"></line>
                <line number="78" hits="0"></line>
                <line number="79" hits="0"></line>
                <line number="80" hits="0"></line>
                <line number="81" hits="0"></line>
                <line number="82" hits="0"></line>
                <line number="83" hits="0"></line>
              </lines>
            </method>
          </methods>
          <lines>
            <line number="39" hits="7"></line>
            <line number="40" hits="7"></line>
            <line number="41" hits="1"></line>
            <line number="42" hits="1"></line>
            <line number="43" hits="1"></line>
            <line number="44" hits="1"></line>
            <line number="45" hits="1"></line>
            <line number="46" hits="1"></line>
            <line number="47" hits="1"></line>
            <line number="48" hits="1"></line>
            <line number="49" hits="1"></line>
            <line number="50" hits="1"></line>
            <line number="51" hits="2"></line>
            <line number="52" hits="2"></line>
            <line number="56" hits="0"></line>
            <line number="57" hits="0"></line>
            <line number="58" hits="0"></line>
            <line number="59" hits="0"></line>
            <line number="60" hits="0"></line>
            <line number="63" hits="1"></line>
            <line number="64" hits="1"></line>
            <line number="65" hits="1"></line>
            <line number="67" hits="0"></line>
            <line number="68" hits="0"></line>
            <line number="69" hits="0"></line>
            <line number="70" hits="0"></line>
            <line number="71" hits="0"></line>
            <line number="72" hits="0"></line>
            <line number="73" hits="0"></line>
            <line number="74" hits="0"></line>
            <line number="75" hits="0"></line>
            <line number="76" hits="0"></line>
            <line number="77" hits="0"></line>
            <line number="78" hits="0"></line>
            <line number="79" hits="0"></line>
            <line number="80" hits="0"></line>
            <line number="81" hits="0"></line>
            <line number="82" hits="0"></line>
            <line number="83" hits="0"></line>
          </lines>
        </class>
        <class name="-" filename="cmd/server.go" line-rate="0.7777778" branch-rate="0" complexity="0">
          <methods>
            <method name="getServerKubeClient" signature="" line-rate="0.6666667" branch-rate="0" complexity="0">
              <lines>
                <line number="47" hits="1"></line>
                <line number="48" hits="1"></line>
                <line number="49" hits="1"></line>
                <line number="50" hits="0"></line>
                <line number="51" hits="0"></line>
                <line number="52" hits="0"></line>
                <line number="53" hits="1"></line>
                <line number="54" hits="1"></line>
                <line number="55" hits="1"></line>
                <line number="56" hits="1"></line>
                <line number="57" hits="1"></line>
                <line number="58" hits="0"></line>
              </lines>
            </method>
            <method name="init" signature="" line-rate="1" branch-rate="0" complexity="0">
              <lines>
                <line number="61" hits="1"></line>
                <line number="62" hits="1"></line>
                <line number="63" hits="1"></line>
                <line number="64" hits="1"></line>
                <line number="65" hits="1"></line>
                <line number="66" hits="1"></line>
              </lines>
            </method>
          </methods>
          <lines>
            <line number="47" hits="1"></line>
            <line number="48" hits="1"></line>
            <line number="49" hits="1"></line>
            <line number="50" hits="0"></line>
            <line number="51" hits="0"></line>
            <line number="52" hits="0"></line>
            <line number="53" hits="1"></line>
            <line number="54" hits="1"></line>
            <line number="55" hits="1"></line>
            <line number="56" hits="1"></line>
            <line number="57" hits="1"></line>
            <line number="58" hits="0"></line>
            <line number="61" hits="1"></line>
            <line number="62" hits="1"></line>
            <line number="63" hits="1"></line>
            <line number="64" hits="1"></line>
            <line number="65" hits="1"></line>
            <line number="66" hits="1"></line>
          </lines>
        </class>
      </classes>
    </package>
    <package name="github.com/yourusername/k8s-controller-tutorial" line-rate="0" branch-rate="0" complexity="0">
      <classes>
        <class name="-" filename="main.go" line-rate="0" branch-rate="0" complexity="0">
          <methods>
            <method name="main" signature="" line-rate="0" branch-rate="0" complexity="0">
              <lines>
                <line number="9" hits="0"></line>
                <line number="10" hits="0"></line>
                <line number="11" hits="0"></line>
              </lines>
            </method>
          </methods>
          <lines>
            <line number="9" hits="0"></line>
            <line number="10" hits="0"></line>
            <line number="11" hits="0"></line>
          </lines>
        </class>
      </classes>
    </package>
    <package name="github.com/yourusername/k8s-controller-tutorial/pkg/informer" line-rate="0.7058824" branch-rate="0" complexity="0">
      <classes>
        <class name="-" filename="pkg/informer/informer.go" line-rate="0.7058824" branch-rate="0" complexity="0">
          <methods>
            <method name="StartDeploymentInformer" signature="" line-rate="0.6551724" branch-rate="0" complexity="0">
              <lines>
                <line number="17" hits="1"></line>
                <line number="18" hits="1"></line>
                <line number="19" hits="1"></line>
                <line number="20" hits="1"></line>
                <line number="21" hits="1"></line>
                <line number="22" hits="1"></line>
                <line number="23" hits="2"></line>
                <line number="24" hits="2"></line>
                <line number="26" hits="1"></line>
                <line number="27" hits="1"></line>
                <line number="28" hits="1"></line>
                <line number="29" hits="1"></line>
                <line number="30" hits="2"></line>
                <line number="31" hits="2"></line>
                <line number="32" hits="0"></line>
                <line number="33" hits="0"></line>
                <line number="34" hits="0"></line>
                <line number="35" hits="0"></line>
                <line number="36" hits="0"></line>
                <line number="37" hits="0"></line>
                <line number="40" hits="1"></line>
                <line number="41" hits="1"></line>
                <line number="42" hits="1"></line>
                <line number="43" hits="0"></line>
                <line number="44" hits="0"></line>
                <line number="45" hits="0"></line>
                <line number="46" hits="0"></line>
                <line number="48" hits="1"></line>
                <line number="49" hits="1"></line>
              </lines>
            </method>
            <method name="getDeploymentName" signature="" line-rate="1" branch-rate="0" complexity="0">
              <lines>
                <line number="52" hits="4"></line>
                <line number="53" hits="3"></line>
                <line number="54" hits="3"></line>
                <line number="55" hits="3"></line>
                <line number="56" hits="1"></line>
              </lines>
            </method>
          </methods>
          <lines>
            <line number="17" hits="1"></line>
            <line number="18" hits="1"></line>
            <line number="19" hits="1"></line>
            <line number="20" hits="1"></line>
            <line number="21" hits="1"></line>
            <line number="22" hits="1"></line>
            <line number="23" hits="2"></line>
            <line number="24" hits="2"></line>
            <line number="26" hits="1"></line>
            <line number="27" hits="1"></line>
            <line number="28" hits="1"></line>
            <line number="29" hits="1"></line>
            <line number="30" hits="2"></line>
            <line number="31" hits="2"></line>
            <line number="32" hits="0"></line>
            <line number="33" hits="0"></line>
            <line number="34" hits="0"></line>
            <line number="35" hits="0"></line>
            <line number="36" hits="0"></line>
            <line number="37" hits="0"></line>
            <line number="40" hits="1"></line>
            <line number="41" hits="1"></line>
            <line number="42" hits="1"></line>
            <line number="43" hits="0"></line>
            <line number="44" hits="0"></line>
            <line number="45" hits="0"></line>
            <line number="46" hits="0"></line>
            <line number="48" hits="1"></line>
            <line number="49" hits="1"></line>
            <line number="52" hits="4"></line>
            <line number="53" hits="3"></line>
            <line number="54" hits="3"></line>
            <line number="55" hits="3"></line>
            <line number="56" hits="1"></line>
          </lines>
        </class>
      </classes>
    </package>
    <package name="github.com/yourusername/k8s-controller-tutorial/pkg/testutil" line-rate="0.02631579" branch-rate="0" complexity="0">
      <classes>
        <class name="-" filename="pkg/testutil/envtest.go" line-rate="0.02631579" branch-rate="0" complexity="0">
          <methods>
            <method name="SetupEnv" signature="" line-rate="0" branch-rate="0" complexity="0">
              <lines>
                <line number="17" hits="0"></line>
                <line number="18" hits="0"></line>
                <line number="19" hits="0"></line>
                <line number="20" hits="0"></line>
                <line number="21" hits="0"></line>
                <line number="22" hits="0"></line>
                <line number="23" hits="0"></line>
                <line number="24" hits="0"></line>
                <line number="25" hits="0"></line>
                <line number="26" hits="0"></line>
                <line number="27" hits="0"></line>
                <line number="28" hits="0"></line>
                <line number="29" hits="0"></line>
                <line number="30" hits="0"></line>
                <line number="31" hits="0"></line>
                <line number="32" hits="0"></line>
                <line number="33" hits="0"></line>
                <line number="34" hits="0"></line>
                <line number="35" hits="0"></line>
                <line number="36" hits="0"></line>
                <line number="37" hits="0"></line>
                <line number="38" hits="0"></line>
                <line number="39" hits="0"></line>
                <line number="40" hits="0"></line>
                <line number="41" hits="0"></line>
                <line number="42" hits="0"></line>
                <line number="43" hits="0"></line>
                <line number="44" hits="0"></line>
                <line number="45" hits="0"></line>
                <line number="46" hits="0"></line>
                <line number="47" hits="0"></line>
                <line number="48" hits="0"></line>
                <line number="49" hits="0"></line>
                <line number="51" hits="0"></line>
                <line number="52" hits="0"></line>
                <line number="53" hits="0"></line>
                <line number="54" hits="0"></line>
              </lines>
            </method>
            <method name="int32Ptr" signature="" line-rate="1" branch-rate="0" complexity="0">
              <lines>
                <line number="57" hits="1"></line>
              </lines>
            </method>
          </methods>
          <lines>
            <line number="17" hits="0"></line>
            <line number="18" hits="0"></line>
            <line number="19" hits="0"></line>
            <line number="20" hits="0"></line>
            <line number="21" hits="0"></line>
            <line number="22" hits="0"></line>
            <line number="23" hits="0"></line>
            <line number="24" hits="0"></line>
            <line number="25" hits="0"></line>
            <line number="26" hits="0"></line>
            <line number="27" hits="0"></line>
            <line number="28" hits="0"></line>
            <line number="29" hits="0"></line>
            <line number="30" hits="0"></line>
            <line number="31" hits="0"></line>
            <line number="32" hits="0"></line>
            <line number="33" hits="0"></line>
            <line number="34" hits="0"></line>
            <line number="35" hits="0"></line>
            <line number="36" hits="0"></line>
            <line number="37" hits="0"></line>
            <line number="38" hits="0"></line>
            <line number="39" hits="0"></line>
            <line number="40" hits="0"></line>
            <line number="41" hits="0"></line>
            <line number="42" hits="0"></line>
            <line number="43" hits="0"></line>
            <line number="44" hits="0"></line>
            <line number="45" hits="0"></line>
            <line number="46" hits="0"></line>
            <line number="47" hits="0"></line>
            <line number="48" hits="0"></line>
            <line number="49" hits="0"></line>
            <line number="51" hits="0"></line>
            <line number="52" hits="0"></line>
            <line number="53" hits="0"></line>
            <line number="54" hits="0"></line>
            <line number="57" hits="1"></line>
          </lines>
        </class>
      </classes>
    </package>
  </packages>
</coverage>
